Сборка начата 14.12.2023 16:44:20.
Уровень детализации журнала: Normal.     1>Проект "D:\Учёба\3сем\КПО\SES-2023\SES-2023\String\String.vcxproj" в узле 2 (целевые объекты Build).
     1>InitializeBuildStatus:
         Создание "Debug\String.tlog\unsuccessfulbuild", так как было задано "AlwaysCreate".
       ClCompile:
         C:\Program Files\Microsoft Visual Studio\2022\Community\VC\Tools\MSVC\14.34.31933\bin\HostX86\x86\CL.exe /c /ZI /JMC /nologo /W3 /WX- /diagnostics:column /sdl /Od /Oy- /D WIN32 /D _DEBUG /D _LIB /D _UNICODE /D UNICODE /Gm- /EHsc /RTC1 /MDd /GS /fp:precise /Zc:wchar_t /Zc:forScope /Zc:inline /permissive- /Fo"Debug\\" /Fd"D:\Учёба\3сем\КПО\SES-2023\SES-2023\Debug\String.pdb" /external:W3 /Gd /TP /analyze- /FC /errorReport:prompt String.cpp
         String.cpp
     1>D:\Учёба\3сем\КПО\SES-2023\SES-2023\String\String.cpp(55,23): warning C4018: <: несоответствие типов со знаком и без знака
     1>D:\Учёба\3сем\КПО\SES-2023\SES-2023\String\String.cpp(100,22): warning C4018: <: несоответствие типов со знаком и без знака
       Lib:
         C:\Program Files\Microsoft Visual Studio\2022\Community\VC\Tools\MSVC\14.34.31933\bin\HostX86\x86\Lib.exe /OUT:"D:\Учёба\3сем\КПО\SES-2023\SES-2023\Debug\String.lib" /NOLOGO /MACHINE:X86 Debug\String.obj
         String.vcxproj -> D:\Учёба\3сем\КПО\SES-2023\SES-2023\Debug\String.lib
       FinalizeBuildStatus:
         Файл "Debug\String.tlog\unsuccessfulbuild" удаляется.
         Обращение к "Debug\String.tlog\String.lastbuildstate".
     1>Сборка проекта "D:\Учёба\3сем\КПО\SES-2023\SES-2023\String\String.vcxproj" завершена (целевые объекты Build).

Сборка успешно завершена.

       "D:\Учёба\3сем\КПО\SES-2023\SES-2023\String\String.vcxproj" (целевой объект Build ) (1) ->
       (Целевой объект ClCompile) -> 
         D:\Учёба\3сем\КПО\SES-2023\SES-2023\String\String.cpp(55,23): warning C4018: <: несоответствие типов со знаком и без знака
         D:\Учёба\3сем\КПО\SES-2023\SES-2023\String\String.cpp(100,22): warning C4018: <: несоответствие типов со знаком и без знака

    Предупреждений: 2
    Ошибок: 0

Прошло времени 00:00:01.39
