Сборка начата 18.12.2023 11:40:53.
Уровень детализации журнала: Normal.     1>Проект "D:\Учёба\3сем\КПО\SES-2023\SES-2023\SES-2023\SES-2023.vcxproj" в узле 2 (целевые объекты Build).
     1>InitializeBuildStatus:
         Создание "Debug\SES-2023.tlog\unsuccessfulbuild", так как было задано "AlwaysCreate".
       ClCompile:
         C:\Program Files\Microsoft Visual Studio\2022\Community\VC\Tools\MSVC\14.34.31933\bin\HostX86\x86\CL.exe /c /ZI /JMC /nologo /W3 /WX- /diagnostics:column /sdl /Od /Oy- /D WIN32 /D _DEBUG /D _CONSOLE /D _UNICODE /D UNICODE /Gm- /EHsc /RTC1 /MDd /GS /fp:precise /Zc:wchar_t /Zc:forScope /Zc:inline /permissive- /Fo"Debug\\" /Fd"Debug\vc143.pdb" /external:W3 /Gd /TP /analyze- /FC /errorReport:prompt Generator.cpp
         Generator.cpp
     1>D:\Учёба\3сем\КПО\SES-2023\SES-2023\SES-2023\IT.h(34,22): warning C4018: <: несоответствие типов со знаком и без знака
     1>D:\Учёба\3сем\КПО\SES-2023\SES-2023\SES-2023\Generator.h(23,1): warning C4005: MATH_LIB: изменение макроопределения
       D:\Учёба\3сем\КПО\SES-2023\SES-2023\SES-2023\LA.h(259,1): message : см. предыдущее определение "MATH_LIB"
     1>D:\Учёба\3сем\КПО\SES-2023\SES-2023\SES-2023\Generator.h(24,1): warning C4005: STRING_LIB: изменение макроопределения
       D:\Учёба\3сем\КПО\SES-2023\SES-2023\SES-2023\LA.h(269,1): message : см. предыдущее определение "STRING_LIB"
     1>D:\Учёба\3сем\КПО\SES-2023\SES-2023\SES-2023\Generator.cpp(25,23): warning C4018: <: несоответствие типов со знаком и без знака
     1>D:\Учёба\3сем\КПО\SES-2023\SES-2023\SES-2023\Generator.cpp(32,23): warning C4018: <: несоответствие типов со знаком и без знака
     1>D:\Учёба\3сем\КПО\SES-2023\SES-2023\SES-2023\Generator.cpp(35,23): warning C4018: <: несоответствие типов со знаком и без знака
     1>D:\Учёба\3сем\КПО\SES-2023\SES-2023\SES-2023\Generator.cpp(97,23): warning C4018: <: несоответствие типов со знаком и без знака
     1>D:\Учёба\3сем\КПО\SES-2023\SES-2023\SES-2023\Generator.cpp(141,24): warning C4018: <: несоответствие типов со знаком и без знака
     1>D:\Учёба\3сем\КПО\SES-2023\SES-2023\SES-2023\Generator.cpp(237,6): warning C4018: <: несоответствие типов со знаком и без знака
     1>D:\Учёба\3сем\КПО\SES-2023\SES-2023\SES-2023\Generator.cpp(239,24): warning C4018: <: несоответствие типов со знаком и без знака
     1>D:\Учёба\3сем\КПО\SES-2023\SES-2023\SES-2023\Generator.cpp(255,7): warning C4018: <: несоответствие типов со знаком и без знака
     1>D:\Учёба\3сем\КПО\SES-2023\SES-2023\SES-2023\Generator.cpp(260,6): warning C4018: <: несоответствие типов со знаком и без знака
     1>D:\Учёба\3сем\КПО\SES-2023\SES-2023\SES-2023\Generator.cpp(266,26): warning C4018: <: несоответствие типов со знаком и без знака
     1>D:\Учёба\3сем\КПО\SES-2023\SES-2023\SES-2023\Generator.cpp(271,26): warning C4018: <: несоответствие типов со знаком и без знака
     1>D:\Учёба\3сем\КПО\SES-2023\SES-2023\SES-2023\Generator.cpp(280,27): warning C4018: <: несоответствие типов со знаком и без знака
     1>D:\Учёба\3сем\КПО\SES-2023\SES-2023\SES-2023\Generator.cpp(285,27): warning C4018: <: несоответствие типов со знаком и без знака
     1>D:\Учёба\3сем\КПО\SES-2023\SES-2023\SES-2023\Generator.cpp(303,27): warning C4018: <: несоответствие типов со знаком и без знака
     1>D:\Учёба\3сем\КПО\SES-2023\SES-2023\SES-2023\Generator.cpp(308,27): warning C4018: <: несоответствие типов со знаком и без знака
     1>D:\Учёба\3сем\КПО\SES-2023\SES-2023\SES-2023\Generator.cpp(323,26): warning C4018: <: несоответствие типов со знаком и без знака
     1>D:\Учёба\3сем\КПО\SES-2023\SES-2023\SES-2023\Generator.cpp(328,26): warning C4018: <: несоответствие типов со знаком и без знака
     1>D:\Учёба\3сем\КПО\SES-2023\SES-2023\SES-2023\Generator.cpp(336,26): warning C4018: <: несоответствие типов со знаком и без знака
     1>D:\Учёба\3сем\КПО\SES-2023\SES-2023\SES-2023\Generator.cpp(346,27): warning C4018: <: несоответствие типов со знаком и без знака
     1>D:\Учёба\3сем\КПО\SES-2023\SES-2023\SES-2023\Generator.cpp(365,27): warning C4018: <: несоответствие типов со знаком и без знака
     1>D:\Учёба\3сем\КПО\SES-2023\SES-2023\SES-2023\Generator.cpp(381,26): warning C4018: <: несоответствие типов со знаком и без знака
     1>D:\Учёба\3сем\КПО\SES-2023\SES-2023\SES-2023\Generator.cpp(395,26): warning C4018: <: несоответствие типов со знаком и без знака
     1>D:\Учёба\3сем\КПО\SES-2023\SES-2023\SES-2023\Generator.cpp(400,26): warning C4018: <: несоответствие типов со знаком и без знака
     1>D:\Учёба\3сем\КПО\SES-2023\SES-2023\SES-2023\Generator.cpp(409,27): warning C4018: <: несоответствие типов со знаком и без знака
     1>D:\Учёба\3сем\КПО\SES-2023\SES-2023\SES-2023\Generator.cpp(422,27): warning C4018: <: несоответствие типов со знаком и без знака
     1>D:\Учёба\3сем\КПО\SES-2023\SES-2023\SES-2023\Generator.cpp(432,26): warning C4018: <: несоответствие типов со знаком и без знака
     1>D:\Учёба\3сем\КПО\SES-2023\SES-2023\SES-2023\Generator.cpp(437,26): warning C4018: <: несоответствие типов со знаком и без знака
     1>D:\Учёба\3сем\КПО\SES-2023\SES-2023\SES-2023\Generator.cpp(446,26): warning C4018: <: несоответствие типов со знаком и без знака
     1>D:\Учёба\3сем\КПО\SES-2023\SES-2023\SES-2023\Generator.cpp(456,27): warning C4018: <: несоответствие типов со знаком и без знака
     1>D:\Учёба\3сем\КПО\SES-2023\SES-2023\SES-2023\Generator.cpp(469,27): warning C4018: <: несоответствие типов со знаком и без знака
     1>D:\Учёба\3сем\КПО\SES-2023\SES-2023\SES-2023\Generator.cpp(480,26): warning C4018: <: несоответствие типов со знаком и без знака
     1>D:\Учёба\3сем\КПО\SES-2023\SES-2023\SES-2023\Generator.cpp(495,6): warning C4018: <: несоответствие типов со знаком и без знака
     1>D:\Учёба\3сем\КПО\SES-2023\SES-2023\SES-2023\Generator.cpp(497,24): warning C4018: <: несоответствие типов со знаком и без знака
     1>D:\Учёба\3сем\КПО\SES-2023\SES-2023\SES-2023\Generator.cpp(502,24): warning C4018: <: несоответствие типов со знаком и без знака
     1>D:\Учёба\3сем\КПО\SES-2023\SES-2023\SES-2023\Generator.cpp(508,24): warning C4018: <: несоответствие типов со знаком и без знака
     1>D:\Учёба\3сем\КПО\SES-2023\SES-2023\SES-2023\Generator.cpp(513,24): warning C4018: <: несоответствие типов со знаком и без знака
     1>D:\Учёба\3сем\КПО\SES-2023\SES-2023\SES-2023\Generator.cpp(521,6): warning C4018: <: несоответствие типов со знаком и без знака
     1>D:\Учёба\3сем\КПО\SES-2023\SES-2023\SES-2023\Generator.cpp(524,24): warning C4018: <: несоответствие типов со знаком и без знака
     1>D:\Учёба\3сем\КПО\SES-2023\SES-2023\SES-2023\Generator.cpp(531,25): warning C4018: <: несоответствие типов со знаком и без знака
     1>D:\Учёба\3сем\КПО\SES-2023\SES-2023\SES-2023\Generator.cpp(539,24): warning C4018: <: несоответствие типов со знаком и без знака
     1>D:\Учёба\3сем\КПО\SES-2023\SES-2023\SES-2023\Generator.cpp(546,25): warning C4018: <: несоответствие типов со знаком и без знака
     1>D:\Учёба\3сем\КПО\SES-2023\SES-2023\SES-2023\Generator.cpp(558,23): warning C4018: <: несоответствие типов со знаком и без знака
     1>D:\Учёба\3сем\КПО\SES-2023\SES-2023\SES-2023\Generator.cpp(572,25): warning C4018: <: несоответствие типов со знаком и без знака
     1>D:\Учёба\3сем\КПО\SES-2023\SES-2023\SES-2023\Generator.cpp(577,25): warning C4018: <: несоответствие типов со знаком и без знака
     1>D:\Учёба\3сем\КПО\SES-2023\SES-2023\SES-2023\Generator.cpp(584,25): warning C4018: <: несоответствие типов со знаком и без знака
     1>D:\Учёба\3сем\КПО\SES-2023\SES-2023\SES-2023\Generator.cpp(589,25): warning C4018: <: несоответствие типов со знаком и без знака
     1>D:\Учёба\3сем\КПО\SES-2023\SES-2023\SES-2023\Generator.cpp(603,25): warning C4018: <: несоответствие типов со знаком и без знака
     1>D:\Учёба\3сем\КПО\SES-2023\SES-2023\SES-2023\Generator.cpp(608,25): warning C4018: <: несоответствие типов со знаком и без знака
     1>D:\Учёба\3сем\КПО\SES-2023\SES-2023\SES-2023\Generator.cpp(636,23): warning C4018: <: несоответствие типов со знаком и без знака
     1>D:\Учёба\3сем\КПО\SES-2023\SES-2023\SES-2023\Generator.cpp(646,23): warning C4018: <: несоответствие типов со знаком и без знака
     1>D:\Учёба\3сем\КПО\SES-2023\SES-2023\SES-2023\Generator.cpp(653,23): warning C4018: <: несоответствие типов со знаком и без знака
     1>D:\Учёба\3сем\КПО\SES-2023\SES-2023\SES-2023\Generator.cpp(663,5): warning C4018: <: несоответствие типов со знаком и без знака
     1>D:\Учёба\3сем\КПО\SES-2023\SES-2023\SES-2023\Generator.cpp(668,5): warning C4018: <: несоответствие типов со знаком и без знака
     1>D:\Учёба\3сем\КПО\SES-2023\SES-2023\SES-2023\Generator.cpp(676,5): warning C4018: <: несоответствие типов со знаком и без знака
     1>D:\Учёба\3сем\КПО\SES-2023\SES-2023\SES-2023\Generator.cpp(678,5): warning C4018: <: несоответствие типов со знаком и без знака
     1>D:\Учёба\3сем\КПО\SES-2023\SES-2023\SES-2023\Generator.cpp(683,5): warning C4018: <: несоответствие типов со знаком и без знака
     1>D:\Учёба\3сем\КПО\SES-2023\SES-2023\SES-2023\Generator.cpp(685,5): warning C4018: <: несоответствие типов со знаком и без знака
     1>D:\Учёба\3сем\КПО\SES-2023\SES-2023\SES-2023\Generator.cpp(689,5): warning C4018: <: несоответствие типов со знаком и без знака
     1>D:\Учёба\3сем\КПО\SES-2023\SES-2023\SES-2023\Generator.cpp(691,5): warning C4018: <: несоответствие типов со знаком и без знака
     1>D:\Учёба\3сем\КПО\SES-2023\SES-2023\SES-2023\Generator.cpp(695,5): warning C4018: <: несоответствие типов со знаком и без знака
     1>D:\Учёба\3сем\КПО\SES-2023\SES-2023\SES-2023\Generator.cpp(697,5): warning C4018: <: несоответствие типов со знаком и без знака
     1>D:\Учёба\3сем\КПО\SES-2023\SES-2023\SES-2023\Generator.cpp(701,5): warning C4018: <: несоответствие типов со знаком и без знака
     1>D:\Учёба\3сем\КПО\SES-2023\SES-2023\SES-2023\Generator.cpp(703,5): warning C4018: <: несоответствие типов со знаком и без знака
     1>D:\Учёба\3сем\КПО\SES-2023\SES-2023\SES-2023\Generator.cpp(708,5): warning C4018: <: несоответствие типов со знаком и без знака
     1>D:\Учёба\3сем\КПО\SES-2023\SES-2023\SES-2023\Generator.cpp(710,5): warning C4018: <: несоответствие типов со знаком и без знака
     1>D:\Учёба\3сем\КПО\SES-2023\SES-2023\SES-2023\Generator.cpp(715,5): warning C4018: <: несоответствие типов со знаком и без знака
     1>D:\Учёба\3сем\КПО\SES-2023\SES-2023\SES-2023\Generator.cpp(717,5): warning C4018: <: несоответствие типов со знаком и без знака
     1>D:\Учёба\3сем\КПО\SES-2023\SES-2023\SES-2023\Generator.cpp(721,5): warning C4018: <: несоответствие типов со знаком и без знака
     1>D:\Учёба\3сем\КПО\SES-2023\SES-2023\SES-2023\Generator.cpp(723,5): warning C4018: <: несоответствие типов со знаком и без знака
     1>D:\Учёба\3сем\КПО\SES-2023\SES-2023\SES-2023\Generator.cpp(727,5): warning C4018: <: несоответствие типов со знаком и без знака
     1>D:\Учёба\3сем\КПО\SES-2023\SES-2023\SES-2023\Generator.cpp(729,5): warning C4018: <: несоответствие типов со знаком и без знака
     1>D:\Учёба\3сем\КПО\SES-2023\SES-2023\SES-2023\Generator.cpp(733,5): warning C4018: <: несоответствие типов со знаком и без знака
     1>D:\Учёба\3сем\КПО\SES-2023\SES-2023\SES-2023\Generator.cpp(735,5): warning C4018: <: несоответствие типов со знаком и без знака
     1>D:\Учёба\3сем\КПО\SES-2023\SES-2023\SES-2023\Generator.cpp(739,5): warning C4018: <: несоответствие типов со знаком и без знака
     1>D:\Учёба\3сем\КПО\SES-2023\SES-2023\SES-2023\Generator.cpp(744,5): warning C4018: <: несоответствие типов со знаком и без знака
     1>D:\Учёба\3сем\КПО\SES-2023\SES-2023\SES-2023\Generator.cpp(745,5): warning C4018: <: несоответствие типов со знаком и без знака
     1>D:\Учёба\3сем\КПО\SES-2023\SES-2023\SES-2023\Generator.cpp(750,5): warning C4018: <: несоответствие типов со знаком и без знака
     1>D:\Учёба\3сем\КПО\SES-2023\SES-2023\SES-2023\Generator.cpp(755,5): warning C4018: <: несоответствие типов со знаком и без знака
     1>D:\Учёба\3сем\КПО\SES-2023\SES-2023\SES-2023\Generator.cpp(756,5): warning C4018: <: несоответствие типов со знаком и без знака
     1>D:\Учёба\3сем\КПО\SES-2023\SES-2023\SES-2023\Generator.cpp(761,5): warning C4018: <: несоответствие типов со знаком и без знака
     1>D:\Учёба\3сем\КПО\SES-2023\SES-2023\SES-2023\Generator.cpp(762,5): warning C4018: <: несоответствие типов со знаком и без знака
     1>D:\Учёба\3сем\КПО\SES-2023\SES-2023\SES-2023\Generator.cpp(769,24): warning C4018: <: несоответствие типов со знаком и без знака
     1>D:\Учёба\3сем\КПО\SES-2023\SES-2023\SES-2023\Generator.cpp(776,24): warning C4018: <: несоответствие типов со знаком и без знака
     1>D:\Учёба\3сем\КПО\SES-2023\SES-2023\SES-2023\Generator.cpp(801,5): warning C4018: <: несоответствие типов со знаком и без знака
     1>D:\Учёба\3сем\КПО\SES-2023\SES-2023\SES-2023\Generator.cpp(818,5): warning C4018: <: несоответствие типов со знаком и без знака
     1>D:\Учёба\3сем\КПО\SES-2023\SES-2023\SES-2023\Generator.cpp(880,5): warning C4018: <: несоответствие типов со знаком и без знака
     1>D:\Учёба\3сем\КПО\SES-2023\SES-2023\SES-2023\Generator.cpp(882,5): warning C4018: <: несоответствие типов со знаком и без знака
     1>D:\Учёба\3сем\КПО\SES-2023\SES-2023\SES-2023\Generator.cpp(888,5): warning C4018: <: несоответствие типов со знаком и без знака
     1>D:\Учёба\3сем\КПО\SES-2023\SES-2023\SES-2023\Generator.cpp(890,5): warning C4018: <: несоответствие типов со знаком и без знака
     1>D:\Учёба\3сем\КПО\SES-2023\SES-2023\SES-2023\Generator.cpp(897,11): warning C4002: слишком много аргументов для вызова макроса, подобного функции, "ERROR_THROW"
       Link:
         C:\Program Files\Microsoft Visual Studio\2022\Community\VC\Tools\MSVC\14.34.31933\bin\HostX86\x86\link.exe /ERRORREPORT:PROMPT /OUT:"D:\Учёба\3сем\КПО\SES-2023\SES-2023\Debug\SES-2023.exe" /INCREMENTAL /ILK:"Debug\SES-2023.ilk" /NOLOGO kernel32.lib user32.lib gdi32.lib winspool.lib comdlg32.lib advapi32.lib shell32.lib ole32.lib oleaut32.lib uuid.lib odbc32.lib odbccp32.lib /MANIFEST /MANIFESTUAC:"level='asInvoker' uiAccess='false'" /manifest:embed /DEBUG /PDB:"D:\Учёба\3сем\КПО\SES-2023\SES-2023\Debug\SES-2023.pdb" /SUBSYSTEM:CONSOLE /TLBID:1 /DYNAMICBASE /NXCOMPAT /IMPLIB:"D:\Учёба\3сем\КПО\SES-2023\SES-2023\Debug\SES-2023.lib" /MACHINE:X86 Debug\Error.obj
         Debug\FST.obj
         Debug\Generator.obj
         Debug\GRB.obj
         Debug\In.obj
         Debug\IT.obj
         Debug\LA.obj
         Debug\Log.obj
         Debug\LT.obj
         Debug\MFST.obj
         Debug\Out.obj
         Debug\Parm.obj
         Debug\Preproc.obj
         Debug\SA.obj
         Debug\SE_Lab17.obj
         SES-2023.vcxproj -> D:\Учёба\3сем\КПО\SES-2023\SES-2023\Debug\SES-2023.exe
       FinalizeBuildStatus:
         Файл "Debug\SES-2023.tlog\unsuccessfulbuild" удаляется.
         Обращение к "Debug\SES-2023.tlog\SES-2023.lastbuildstate".
     1>Сборка проекта "D:\Учёба\3сем\КПО\SES-2023\SES-2023\SES-2023\SES-2023.vcxproj" завершена (целевые объекты Build).

Сборка успешно завершена.

       "D:\Учёба\3сем\КПО\SES-2023\SES-2023\SES-2023\SES-2023.vcxproj" (целевой объект Build ) (1) ->
       (Целевой объект ClCompile) -> 
         D:\Учёба\3сем\КПО\SES-2023\SES-2023\SES-2023\IT.h(34,22): warning C4018: <: несоответствие типов со знаком и без знака
         D:\Учёба\3сем\КПО\SES-2023\SES-2023\SES-2023\Generator.h(23,1): warning C4005: MATH_LIB: изменение макроопределения
         D:\Учёба\3сем\КПО\SES-2023\SES-2023\SES-2023\Generator.h(24,1): warning C4005: STRING_LIB: изменение макроопределения
         D:\Учёба\3сем\КПО\SES-2023\SES-2023\SES-2023\Generator.cpp(25,23): warning C4018: <: несоответствие типов со знаком и без знака
         D:\Учёба\3сем\КПО\SES-2023\SES-2023\SES-2023\Generator.cpp(32,23): warning C4018: <: несоответствие типов со знаком и без знака
         D:\Учёба\3сем\КПО\SES-2023\SES-2023\SES-2023\Generator.cpp(35,23): warning C4018: <: несоответствие типов со знаком и без знака
         D:\Учёба\3сем\КПО\SES-2023\SES-2023\SES-2023\Generator.cpp(97,23): warning C4018: <: несоответствие типов со знаком и без знака
         D:\Учёба\3сем\КПО\SES-2023\SES-2023\SES-2023\Generator.cpp(141,24): warning C4018: <: несоответствие типов со знаком и без знака
         D:\Учёба\3сем\КПО\SES-2023\SES-2023\SES-2023\Generator.cpp(237,6): warning C4018: <: несоответствие типов со знаком и без знака
         D:\Учёба\3сем\КПО\SES-2023\SES-2023\SES-2023\Generator.cpp(239,24): warning C4018: <: несоответствие типов со знаком и без знака
         D:\Учёба\3сем\КПО\SES-2023\SES-2023\SES-2023\Generator.cpp(255,7): warning C4018: <: несоответствие типов со знаком и без знака
         D:\Учёба\3сем\КПО\SES-2023\SES-2023\SES-2023\Generator.cpp(260,6): warning C4018: <: несоответствие типов со знаком и без знака
         D:\Учёба\3сем\КПО\SES-2023\SES-2023\SES-2023\Generator.cpp(266,26): warning C4018: <: несоответствие типов со знаком и без знака
         D:\Учёба\3сем\КПО\SES-2023\SES-2023\SES-2023\Generator.cpp(271,26): warning C4018: <: несоответствие типов со знаком и без знака
         D:\Учёба\3сем\КПО\SES-2023\SES-2023\SES-2023\Generator.cpp(280,27): warning C4018: <: несоответствие типов со знаком и без знака
         D:\Учёба\3сем\КПО\SES-2023\SES-2023\SES-2023\Generator.cpp(285,27): warning C4018: <: несоответствие типов со знаком и без знака
         D:\Учёба\3сем\КПО\SES-2023\SES-2023\SES-2023\Generator.cpp(303,27): warning C4018: <: несоответствие типов со знаком и без знака
         D:\Учёба\3сем\КПО\SES-2023\SES-2023\SES-2023\Generator.cpp(308,27): warning C4018: <: несоответствие типов со знаком и без знака
         D:\Учёба\3сем\КПО\SES-2023\SES-2023\SES-2023\Generator.cpp(323,26): warning C4018: <: несоответствие типов со знаком и без знака
         D:\Учёба\3сем\КПО\SES-2023\SES-2023\SES-2023\Generator.cpp(328,26): warning C4018: <: несоответствие типов со знаком и без знака
         D:\Учёба\3сем\КПО\SES-2023\SES-2023\SES-2023\Generator.cpp(336,26): warning C4018: <: несоответствие типов со знаком и без знака
         D:\Учёба\3сем\КПО\SES-2023\SES-2023\SES-2023\Generator.cpp(346,27): warning C4018: <: несоответствие типов со знаком и без знака
         D:\Учёба\3сем\КПО\SES-2023\SES-2023\SES-2023\Generator.cpp(365,27): warning C4018: <: несоответствие типов со знаком и без знака
         D:\Учёба\3сем\КПО\SES-2023\SES-2023\SES-2023\Generator.cpp(381,26): warning C4018: <: несоответствие типов со знаком и без знака
         D:\Учёба\3сем\КПО\SES-2023\SES-2023\SES-2023\Generator.cpp(395,26): warning C4018: <: несоответствие типов со знаком и без знака
         D:\Учёба\3сем\КПО\SES-2023\SES-2023\SES-2023\Generator.cpp(400,26): warning C4018: <: несоответствие типов со знаком и без знака
         D:\Учёба\3сем\КПО\SES-2023\SES-2023\SES-2023\Generator.cpp(409,27): warning C4018: <: несоответствие типов со знаком и без знака
         D:\Учёба\3сем\КПО\SES-2023\SES-2023\SES-2023\Generator.cpp(422,27): warning C4018: <: несоответствие типов со знаком и без знака
         D:\Учёба\3сем\КПО\SES-2023\SES-2023\SES-2023\Generator.cpp(432,26): warning C4018: <: несоответствие типов со знаком и без знака
         D:\Учёба\3сем\КПО\SES-2023\SES-2023\SES-2023\Generator.cpp(437,26): warning C4018: <: несоответствие типов со знаком и без знака
         D:\Учёба\3сем\КПО\SES-2023\SES-2023\SES-2023\Generator.cpp(446,26): warning C4018: <: несоответствие типов со знаком и без знака
         D:\Учёба\3сем\КПО\SES-2023\SES-2023\SES-2023\Generator.cpp(456,27): warning C4018: <: несоответствие типов со знаком и без знака
         D:\Учёба\3сем\КПО\SES-2023\SES-2023\SES-2023\Generator.cpp(469,27): warning C4018: <: несоответствие типов со знаком и без знака
         D:\Учёба\3сем\КПО\SES-2023\SES-2023\SES-2023\Generator.cpp(480,26): warning C4018: <: несоответствие типов со знаком и без знака
         D:\Учёба\3сем\КПО\SES-2023\SES-2023\SES-2023\Generator.cpp(495,6): warning C4018: <: несоответствие типов со знаком и без знака
         D:\Учёба\3сем\КПО\SES-2023\SES-2023\SES-2023\Generator.cpp(497,24): warning C4018: <: несоответствие типов со знаком и без знака
         D:\Учёба\3сем\КПО\SES-2023\SES-2023\SES-2023\Generator.cpp(502,24): warning C4018: <: несоответствие типов со знаком и без знака
         D:\Учёба\3сем\КПО\SES-2023\SES-2023\SES-2023\Generator.cpp(508,24): warning C4018: <: несоответствие типов со знаком и без знака
         D:\Учёба\3сем\КПО\SES-2023\SES-2023\SES-2023\Generator.cpp(513,24): warning C4018: <: несоответствие типов со знаком и без знака
         D:\Учёба\3сем\КПО\SES-2023\SES-2023\SES-2023\Generator.cpp(521,6): warning C4018: <: несоответствие типов со знаком и без знака
         D:\Учёба\3сем\КПО\SES-2023\SES-2023\SES-2023\Generator.cpp(524,24): warning C4018: <: несоответствие типов со знаком и без знака
         D:\Учёба\3сем\КПО\SES-2023\SES-2023\SES-2023\Generator.cpp(531,25): warning C4018: <: несоответствие типов со знаком и без знака
         D:\Учёба\3сем\КПО\SES-2023\SES-2023\SES-2023\Generator.cpp(539,24): warning C4018: <: несоответствие типов со знаком и без знака
         D:\Учёба\3сем\КПО\SES-2023\SES-2023\SES-2023\Generator.cpp(546,25): warning C4018: <: несоответствие типов со знаком и без знака
         D:\Учёба\3сем\КПО\SES-2023\SES-2023\SES-2023\Generator.cpp(558,23): warning C4018: <: несоответствие типов со знаком и без знака
         D:\Учёба\3сем\КПО\SES-2023\SES-2023\SES-2023\Generator.cpp(572,25): warning C4018: <: несоответствие типов со знаком и без знака
         D:\Учёба\3сем\КПО\SES-2023\SES-2023\SES-2023\Generator.cpp(577,25): warning C4018: <: несоответствие типов со знаком и без знака
         D:\Учёба\3сем\КПО\SES-2023\SES-2023\SES-2023\Generator.cpp(584,25): warning C4018: <: несоответствие типов со знаком и без знака
         D:\Учёба\3сем\КПО\SES-2023\SES-2023\SES-2023\Generator.cpp(589,25): warning C4018: <: несоответствие типов со знаком и без знака
         D:\Учёба\3сем\КПО\SES-2023\SES-2023\SES-2023\Generator.cpp(603,25): warning C4018: <: несоответствие типов со знаком и без знака
         D:\Учёба\3сем\КПО\SES-2023\SES-2023\SES-2023\Generator.cpp(608,25): warning C4018: <: несоответствие типов со знаком и без знака
         D:\Учёба\3сем\КПО\SES-2023\SES-2023\SES-2023\Generator.cpp(636,23): warning C4018: <: несоответствие типов со знаком и без знака
         D:\Учёба\3сем\КПО\SES-2023\SES-2023\SES-2023\Generator.cpp(646,23): warning C4018: <: несоответствие типов со знаком и без знака
         D:\Учёба\3сем\КПО\SES-2023\SES-2023\SES-2023\Generator.cpp(653,23): warning C4018: <: несоответствие типов со знаком и без знака
         D:\Учёба\3сем\КПО\SES-2023\SES-2023\SES-2023\Generator.cpp(663,5): warning C4018: <: несоответствие типов со знаком и без знака
         D:\Учёба\3сем\КПО\SES-2023\SES-2023\SES-2023\Generator.cpp(668,5): warning C4018: <: несоответствие типов со знаком и без знака
         D:\Учёба\3сем\КПО\SES-2023\SES-2023\SES-2023\Generator.cpp(676,5): warning C4018: <: несоответствие типов со знаком и без знака
         D:\Учёба\3сем\КПО\SES-2023\SES-2023\SES-2023\Generator.cpp(678,5): warning C4018: <: несоответствие типов со знаком и без знака
         D:\Учёба\3сем\КПО\SES-2023\SES-2023\SES-2023\Generator.cpp(683,5): warning C4018: <: несоответствие типов со знаком и без знака
         D:\Учёба\3сем\КПО\SES-2023\SES-2023\SES-2023\Generator.cpp(685,5): warning C4018: <: несоответствие типов со знаком и без знака
         D:\Учёба\3сем\КПО\SES-2023\SES-2023\SES-2023\Generator.cpp(689,5): warning C4018: <: несоответствие типов со знаком и без знака
         D:\Учёба\3сем\КПО\SES-2023\SES-2023\SES-2023\Generator.cpp(691,5): warning C4018: <: несоответствие типов со знаком и без знака
         D:\Учёба\3сем\КПО\SES-2023\SES-2023\SES-2023\Generator.cpp(695,5): warning C4018: <: несоответствие типов со знаком и без знака
         D:\Учёба\3сем\КПО\SES-2023\SES-2023\SES-2023\Generator.cpp(697,5): warning C4018: <: несоответствие типов со знаком и без знака
         D:\Учёба\3сем\КПО\SES-2023\SES-2023\SES-2023\Generator.cpp(701,5): warning C4018: <: несоответствие типов со знаком и без знака
         D:\Учёба\3сем\КПО\SES-2023\SES-2023\SES-2023\Generator.cpp(703,5): warning C4018: <: несоответствие типов со знаком и без знака
         D:\Учёба\3сем\КПО\SES-2023\SES-2023\SES-2023\Generator.cpp(708,5): warning C4018: <: несоответствие типов со знаком и без знака
         D:\Учёба\3сем\КПО\SES-2023\SES-2023\SES-2023\Generator.cpp(710,5): warning C4018: <: несоответствие типов со знаком и без знака
         D:\Учёба\3сем\КПО\SES-2023\SES-2023\SES-2023\Generator.cpp(715,5): warning C4018: <: несоответствие типов со знаком и без знака
         D:\Учёба\3сем\КПО\SES-2023\SES-2023\SES-2023\Generator.cpp(717,5): warning C4018: <: несоответствие типов со знаком и без знака
         D:\Учёба\3сем\КПО\SES-2023\SES-2023\SES-2023\Generator.cpp(721,5): warning C4018: <: несоответствие типов со знаком и без знака
         D:\Учёба\3сем\КПО\SES-2023\SES-2023\SES-2023\Generator.cpp(723,5): warning C4018: <: несоответствие типов со знаком и без знака
         D:\Учёба\3сем\КПО\SES-2023\SES-2023\SES-2023\Generator.cpp(727,5): warning C4018: <: несоответствие типов со знаком и без знака
         D:\Учёба\3сем\КПО\SES-2023\SES-2023\SES-2023\Generator.cpp(729,5): warning C4018: <: несоответствие типов со знаком и без знака
         D:\Учёба\3сем\КПО\SES-2023\SES-2023\SES-2023\Generator.cpp(733,5): warning C4018: <: несоответствие типов со знаком и без знака
         D:\Учёба\3сем\КПО\SES-2023\SES-2023\SES-2023\Generator.cpp(735,5): warning C4018: <: несоответствие типов со знаком и без знака
         D:\Учёба\3сем\КПО\SES-2023\SES-2023\SES-2023\Generator.cpp(739,5): warning C4018: <: несоответствие типов со знаком и без знака
         D:\Учёба\3сем\КПО\SES-2023\SES-2023\SES-2023\Generator.cpp(744,5): warning C4018: <: несоответствие типов со знаком и без знака
         D:\Учёба\3сем\КПО\SES-2023\SES-2023\SES-2023\Generator.cpp(745,5): warning C4018: <: несоответствие типов со знаком и без знака
         D:\Учёба\3сем\КПО\SES-2023\SES-2023\SES-2023\Generator.cpp(750,5): warning C4018: <: несоответствие типов со знаком и без знака
         D:\Учёба\3сем\КПО\SES-2023\SES-2023\SES-2023\Generator.cpp(755,5): warning C4018: <: несоответствие типов со знаком и без знака
         D:\Учёба\3сем\КПО\SES-2023\SES-2023\SES-2023\Generator.cpp(756,5): warning C4018: <: несоответствие типов со знаком и без знака
         D:\Учёба\3сем\КПО\SES-2023\SES-2023\SES-2023\Generator.cpp(761,5): warning C4018: <: несоответствие типов со знаком и без знака
         D:\Учёба\3сем\КПО\SES-2023\SES-2023\SES-2023\Generator.cpp(762,5): warning C4018: <: несоответствие типов со знаком и без знака
         D:\Учёба\3сем\КПО\SES-2023\SES-2023\SES-2023\Generator.cpp(769,24): warning C4018: <: несоответствие типов со знаком и без знака
         D:\Учёба\3сем\КПО\SES-2023\SES-2023\SES-2023\Generator.cpp(776,24): warning C4018: <: несоответствие типов со знаком и без знака
         D:\Учёба\3сем\КПО\SES-2023\SES-2023\SES-2023\Generator.cpp(801,5): warning C4018: <: несоответствие типов со знаком и без знака
         D:\Учёба\3сем\КПО\SES-2023\SES-2023\SES-2023\Generator.cpp(818,5): warning C4018: <: несоответствие типов со знаком и без знака
         D:\Учёба\3сем\КПО\SES-2023\SES-2023\SES-2023\Generator.cpp(880,5): warning C4018: <: несоответствие типов со знаком и без знака
         D:\Учёба\3сем\КПО\SES-2023\SES-2023\SES-2023\Generator.cpp(882,5): warning C4018: <: несоответствие типов со знаком и без знака
         D:\Учёба\3сем\КПО\SES-2023\SES-2023\SES-2023\Generator.cpp(888,5): warning C4018: <: несоответствие типов со знаком и без знака
         D:\Учёба\3сем\КПО\SES-2023\SES-2023\SES-2023\Generator.cpp(890,5): warning C4018: <: несоответствие типов со знаком и без знака
         D:\Учёба\3сем\КПО\SES-2023\SES-2023\SES-2023\Generator.cpp(897,11): warning C4002: слишком много аргументов для вызова макроса, подобного функции, "ERROR_THROW"

    Предупреждений: 93
    Ошибок: 0

Прошло времени 00:00:02.23
